<?xml version="1.0" encoding="UTF-8"?>
<testng-results ignored="0" total="1" passed="1" failed="0" skipped="0">
  <reporter-output>
  </reporter-output>
  <suite started-at="2025-08-22T12:44:11 IST" name="Default suite" finished-at="2025-08-22T12:44:11 IST" duration-ms="77">
    <groups>
    </groups>
    <test started-at="2025-08-22T12:44:11 IST" name="Default test" finished-at="2025-08-22T12:44:11 IST" duration-ms="77">
      <class name="practice.ReadDatafromCmdLine">
        <test-method signature="readDate()[pri:0, instance:practice.ReadDatafromCmdLine@544fa968]" started-at="2025-08-22T12:44:11 IST" name="readDate" finished-at="2025-08-22T12:44:11 IST" duration-ms="13" status="PASS">
          <reporter-output>
          </reporter-output>
        </test-method> <!-- readDate -->
      </class> <!-- practice.ReadDatafromCmdLine -->
    </test> <!-- Default test -->
  </suite> <!-- Default suite -->
</testng-results>
